2025/11/12 10:53:47 [notice] 38608#17992: signal process started
2025/11/12 11:03:58 [emerg] 2292#27908: bind() to 0.0.0.0:8080 failed (10013: An attempt was made to access a socket in a way forbidden by its access permissions)
2025/11/12 11:06:44 [notice] 30964#21104: signal process started
2025/11/12 11:06:44 [error] 30964#21104: invalid PID number "" in "C:\Users\azizc\Documents\DevopsFastAPI\nginx/logs/nginx.pid"
2025/11/12 11:07:10 [notice] 25104#3352: signal process started
2025/11/12 11:07:10 [error] 25104#3352: invalid PID number "" in "C:\Users\azizc\Documents\DevopsFastAPI\nginx/logs/nginx.pid"
2025/11/13 16:04:21 [error] 27656#31608: *12 connect() failed (10061: No connection could be made because the target machine actively refused it) while connecting to upstream, client: 127.0.0.1, server: localhost, request: "GET /products HTTP/1.1", upstream: "http://127.0.0.1:8002/products", host: "localhost:8888"
2025/11/14 11:27:16 [emerg] 31912#28456: bind() to 0.0.0.0:8080 failed (10013: An attempt was made to access a socket in a way forbidden by its access permissions)
2025/11/14 11:27:20 [emerg] 12100#25036: bind() to 0.0.0.0:8080 failed (10013: An attempt was made to access a socket in a way forbidden by its access permissions)
2025/11/14 22:29:19 [notice] 2212#26516: signal process started
2025/11/14 22:29:19 [error] 2212#26516: OpenEvent("Global\ngx_quit_33456") failed (2: The system cannot find the file specified)
2025/11/14 22:29:19 [notice] 40292#29496: signal process started
2025/11/14 22:29:19 [error] 40292#29496: OpenEvent("Global\ngx_quit_33456") failed (2: The system cannot find the file specified)
2025/11/14 23:16:38 [notice] 42876#7708: signal process started
2025/11/14 23:16:41 [notice] 29352#40268: signal process started
2025/11/14 23:16:41 [error] 29352#40268: CreateFile() "C:\Users\azizc\Documents\DevopsFastAPI\nginx/logs/nginx.pid" failed (2: The system cannot find the file specified)
2025/11/14 23:16:56 [notice] 29420#42628: signal process started
2025/11/14 23:16:56 [error] 29420#42628: CreateFile() "C:\Users\azizc\Documents\DevopsFastAPI\nginx/logs/nginx.pid" failed (2: The system cannot find the file specified)
2025/11/19 10:03:35 [emerg] 1#1: host not found in upstream "product-service:8000" in /etc/nginx/nginx.conf:13
2025/11/19 22:16:08 [emerg] 1#1: host not found in upstream "product-service:8000" in /etc/nginx/nginx.conf:13
2025/11/19 22:43:11 [emerg] 1#1: host not found in upstream "product-service:8000" in /etc/nginx/nginx.conf:13
2025/11/20 07:37:52 [emerg] 1#1: host not found in upstream "product-service:8000" in /etc/nginx/nginx.conf:13
2025/11/20 09:20:55 [emerg] 1#1: host not found in upstream "product-service:8000" in /etc/nginx/nginx.conf:13
2025/11/20 11:14:48 [emerg] 1#1: host not found in upstream "product-service:8000" in /etc/nginx/nginx.conf:13
2025/11/20 11:15:03 [emerg] 1#1: host not found in upstream "users-service:8000" in /etc/nginx/nginx.conf:17
2025/11/20 13:48:14 [emerg] 1#1: host not found in upstream "product-service:8000" in /etc/nginx/nginx.conf:13
2025/11/20 16:55:58 [emerg] 1#1: host not found in upstream "product-service:8000" in /etc/nginx/nginx.conf:13
